## Module report - date Wed 15 Apr 2015 03:31:35 PM ICT
## Created by Pcbnew version kicad 0.201504131001+5595~22~ubuntu14.04.1-product
## Unit = inches, Angle = deg.
##

$BeginDESCRIPTION

$BOARD
unit INCH
upper_left_corner  2.794291  2.807087
lower_right_corner  6.969488  7.126969
$EndBOARD

$MODULE "U1"
reference "U1"
value "DA1458X_WLCSP34"
footprint "RuuviTag:WLCSP34"
attribut smd
position  3.762598  3.312205
orientation  253.00
layer component
$SHAPE3D
Na "/media/sf_Dropbox/Projektit/RuuviTag/kicad_lib/3d/24x24x03_grey_bga_50trans.wrl"
Sc 0.4 0.4 0.4
Of 0 0 0
Ro 0 0 0
$EndSHAPE3D
$PAD "A1"
position -0.039370 -0.039370
size  0.009843  0.009843
drill  0.000000
shape_offset  0.000000  0.000000
orientation  0.00
Shape  ???
Layer  front
$EndPAD
$PAD "A2"
position -0.023622 -0.039370
size  0.009843  0.009843
drill  0.000000
shape_offset  0.000000  0.000000
orientation  0.00
Shape  ???
Layer  front
$EndPAD
$PAD "A3"
position -0.007874 -0.039370
size  0.009843  0.009843
drill  0.000000
shape_offset  0.000000  0.000000
orientation  0.00
Shape  ???
Layer  front
$EndPAD
$PAD "A4"
position  0.007874 -0.039370
size  0.009843  0.009843
drill  0.000000
shape_offset  0.000000  0.000000
orientation  0.00
Shape  ???
Layer  front
$EndPAD
$PAD "A5"
position  0.023622 -0.039370
size  0.009843  0.009843
drill  0.000000
shape_offset  0.000000  0.000000
orientation  0.00
Shape  ???
Layer  front
$EndPAD
$PAD "A6"
position  0.039370 -0.039370
size  0.009843  0.009843
drill  0.000000
shape_offset  0.000000  0.000000
orientation  0.00
Shape  ???
Layer  front
$EndPAD
$PAD "B1"
position -0.039370 -0.023622
size  0.009843  0.009843
drill  0.000000
shape_offset  0.000000  0.000000
orientation  0.00
Shape  ???
Layer  front
$EndPAD
$PAD "B2"
position -0.023622 -0.023622
size  0.009843  0.009843
drill  0.000000
shape_offset  0.000000  0.000000
orientation  0.00
Shape  ???
Layer  front
$EndPAD
$PAD "B4"
position  0.007874 -0.023622
size  0.009843  0.009843
drill  0.000000
shape_offset  0.000000  0.000000
orientation  0.00
Shape  ???
Layer  front
$EndPAD
$PAD "B5"
position  0.023622 -0.023622
size  0.009843  0.009843
drill  0.000000
shape_offset  0.000000  0.000000
orientation  0.00
Shape  ???
Layer  front
$EndPAD
$PAD "B6"
position  0.039370 -0.023622
size  0.009843  0.009843
drill  0.000000
shape_offset  0.000000  0.000000
orientation  0.00
Shape  ???
Layer  front
$EndPAD
$PAD "C1"
position -0.039370 -0.007874
size  0.009843  0.009843
drill  0.000000
shape_offset  0.000000  0.000000
orientation  0.00
Shape  ???
Layer  front
$EndPAD
$PAD "C2"
position -0.023622 -0.007874
size  0.009843  0.009843
drill  0.000000
shape_offset  0.000000  0.000000
orientation  0.00
Shape  ???
Layer  front
$EndPAD
$PAD "C3"
position -0.007874 -0.007874
size  0.009843  0.009843
drill  0.000000
shape_offset  0.000000  0.000000
orientation  0.00
Shape  ???
Layer  front
$EndPAD
$PAD "C5"
position  0.023622 -0.007874
size  0.009843  0.009843
drill  0.000000
shape_offset  0.000000  0.000000
orientation  0.00
Shape  ???
Layer  front
$EndPAD
$PAD "C6"
position  0.039370 -0.007874
size  0.009843  0.009843
drill  0.000000
shape_offset  0.000000  0.000000
orientation  0.00
Shape  ???
Layer  front
$EndPAD
$PAD "D1"
position -0.039370  0.007874
size  0.009843  0.009843
drill  0.000000
shape_offset  0.000000  0.000000
orientation  0.00
Shape  ???
Layer  front
$EndPAD
$PAD "D2"
position -0.023622  0.007874
size  0.009843  0.009843
drill  0.000000
shape_offset  0.000000  0.000000
orientation  0.00
Shape  ???
Layer  front
$EndPAD
$PAD "D3"
position -0.007874  0.007874
size  0.009843  0.009843
drill  0.000000
shape_offset  0.000000  0.000000
orientation  0.00
Shape  ???
Layer  front
$EndPAD
$PAD "D4"
position  0.007874  0.007874
size  0.009843  0.009843
drill  0.000000
shape_offset  0.000000  0.000000
orientation  0.00
Shape  ???
Layer  front
$EndPAD
$PAD "D5"
position  0.023622  0.007874
size  0.009843  0.009843
drill  0.000000
shape_offset  0.000000  0.000000
orientation  0.00
Shape  ???
Layer  front
$EndPAD
$PAD "D6"
position  0.039370  0.007874
size  0.009843  0.009843
drill  0.000000
shape_offset  0.000000  0.000000
orientation  0.00
Shape  ???
Layer  front
$EndPAD
$PAD "E1"
position -0.039370  0.023622
size  0.009843  0.009843
drill  0.000000
shape_offset  0.000000  0.000000
orientation  0.00
Shape  ???
Layer  front
$EndPAD
$PAD "E2"
position -0.023622  0.023622
size  0.009843  0.009843
drill  0.000000
shape_offset  0.000000  0.000000
orientation  0.00
Shape  ???
Layer  front
$EndPAD
$PAD "E3"
position -0.007874  0.023622
size  0.009843  0.009843
drill  0.000000
shape_offset  0.000000  0.000000
orientation  0.00
Shape  ???
Layer  front
$EndPAD
$PAD "E4"
position  0.007874  0.023622
size  0.009843  0.009843
drill  0.000000
shape_offset  0.000000  0.000000
orientation  0.00
Shape  ???
Layer  front
$EndPAD
$PAD "E5"
position  0.023622  0.023622
size  0.009843  0.009843
drill  0.000000
shape_offset  0.000000  0.000000
orientation  0.00
Shape  ???
Layer  front
$EndPAD
$PAD "E6"
position  0.039370  0.023622
size  0.009843  0.009843
drill  0.000000
shape_offset  0.000000  0.000000
orientation  0.00
Shape  ???
Layer  front
$EndPAD
$PAD "F1"
position -0.039370  0.039370
size  0.009843  0.009843
drill  0.000000
shape_offset  0.000000  0.000000
orientation  0.00
Shape  ???
Layer  front
$EndPAD
$PAD "F2"
position -0.023622  0.039370
size  0.009843  0.009843
drill  0.000000
shape_offset  0.000000  0.000000
orientation  0.00
Shape  ???
Layer  front
$EndPAD
$PAD "F3"
position -0.007874  0.039370
size  0.009843  0.009843
drill  0.000000
shape_offset  0.000000  0.000000
orientation  0.00
Shape  ???
Layer  front
$EndPAD
$PAD "F4"
position  0.007874  0.039370
size  0.009843  0.009843
drill  0.000000
shape_offset  0.000000  0.000000
orientation  0.00
Shape  ???
Layer  front
$EndPAD
$PAD "F5"
position  0.023622  0.039370
size  0.009843  0.009843
drill  0.000000
shape_offset  0.000000  0.000000
orientation  0.00
Shape  ???
Layer  front
$EndPAD
$PAD "F6"
position  0.039370  0.039370
size  0.009843  0.009843
drill  0.000000
shape_offset  0.000000  0.000000
orientation  0.00
Shape  ???
Layer  front
$EndPAD
$EndMODULE  U1

$MODULE "U2"
reference "U2"
value "GENERIC_DATAFLASH"
footprint "RuuviTag:USON8_2X3MM"
attribut smd
position  3.431890  3.330315
orientation  292.20
layer component
$SHAPE3D
Na "/media/sf_Dropbox/Projektit/RuuviTag/kicad_lib/3d/2x3x05_grey_50trans.wrl"
Sc 0.4 0.4 0.4
Of 0 0 0
Ro 0 0 0
$EndSHAPE3D
$PAD "1"
position -0.049213 -0.029528
size  0.015748  0.009843
drill  0.000000
shape_offset  0.000000  0.000000
orientation  0.00
Shape  Circ
Layer  front
$EndPAD
$PAD "2"
position -0.049213 -0.009843
size  0.015748  0.009843
drill  0.000000
shape_offset  0.000000  0.000000
orientation  0.00
Shape  Circ
Layer  front
$EndPAD
$PAD "3"
position -0.049213  0.009843
size  0.015748  0.009843
drill  0.000000
shape_offset  0.000000  0.000000
orientation  0.00
Shape  Circ
Layer  front
$EndPAD
$PAD "4"
position -0.049213  0.029528
size  0.015748  0.009843
drill  0.000000
shape_offset  0.000000  0.000000
orientation  0.00
Shape  Circ
Layer  front
$EndPAD
$PAD "5"
position  0.049213  0.029528
size  0.015748  0.009843
drill  0.000000
shape_offset  0.000000  0.000000
orientation  0.00
Shape  Circ
Layer  front
$EndPAD
$PAD "6"
position  0.049213  0.009843
size  0.015748  0.009843
drill  0.000000
shape_offset  0.000000  0.000000
orientation  0.00
Shape  Circ
Layer  front
$EndPAD
$PAD "7"
position  0.049213 -0.009843
size  0.015748  0.009843
drill  0.000000
shape_offset  0.000000  0.000000
orientation  0.00
Shape  Circ
Layer  front
$EndPAD
$PAD "8"
position  0.049213 -0.029528
size  0.015748  0.009843
drill  0.000000
shape_offset  0.000000  0.000000
orientation  0.00
Shape  Circ
Layer  front
$EndPAD
$EndMODULE  U2

$MODULE "U3"
reference "U3"
value "LIS331DLH"
footprint "RuuviTag:LGA16_3X3MM"
attribut smd
position  3.253937  3.453150
orientation  47.70
layer component
$SHAPE3D
Na "/media/sf_Dropbox/Projektit/RuuviTag/kicad_lib/3d/3x3x1_grey_50trans.wrl"
Sc 0.4 0.4 0.4
Of 0 0 0
Ro 0 0 0
$EndSHAPE3D
$PAD "1"
position -0.051181 -0.039370
size  0.015748  0.009843
drill  0.000000
shape_offset  0.000000  0.000000
orientation  0.00
Shape  Circ
Layer  front
$EndPAD
$PAD "2"
position -0.051181 -0.019685
size  0.015748  0.009843
drill  0.000000
shape_offset  0.000000  0.000000
orientation  0.00
Shape  Circ
Layer  front
$EndPAD
$PAD "3"
position -0.051181  0.000000
size  0.015748  0.009843
drill  0.000000
shape_offset  0.000000  0.000000
orientation  0.00
Shape  Circ
Layer  front
$EndPAD
$PAD "4"
position -0.051181  0.019685
size  0.015748  0.009843
drill  0.000000
shape_offset  0.000000  0.000000
orientation  0.00
Shape  Circ
Layer  front
$EndPAD
$PAD "5"
position -0.051181  0.039370
size  0.015748  0.009843
drill  0.000000
shape_offset  0.000000  0.000000
orientation  0.00
Shape  Circ
Layer  front
$EndPAD
$PAD "6"
position -0.019685  0.051181
size  0.015748  0.009843
drill  0.000000
shape_offset  0.000000  0.000000
orientation  90.00
Shape  Circ
Layer  front
$EndPAD
$PAD "7"
position  0.000000  0.051181
size  0.015748  0.009843
drill  0.000000
shape_offset  0.000000  0.000000
orientation  90.00
Shape  Circ
Layer  front
$EndPAD
$PAD "8"
position  0.019685  0.051181
size  0.015748  0.009843
drill  0.000000
shape_offset  0.000000  0.000000
orientation  90.00
Shape  Circ
Layer  front
$EndPAD
$PAD "9"
position  0.051181  0.039370
size  0.015748  0.009843
drill  0.000000
shape_offset  0.000000  0.000000
orientation  0.00
Shape  Circ
Layer  front
$EndPAD
$PAD "10"
position  0.051181  0.019685
size  0.015748  0.009843
drill  0.000000
shape_offset  0.000000  0.000000
orientation  0.00
Shape  Circ
Layer  front
$EndPAD
$PAD "11"
position  0.051181  0.000000
size  0.015748  0.009843
drill  0.000000
shape_offset  0.000000  0.000000
orientation  0.00
Shape  Circ
Layer  front
$EndPAD
$PAD "12"
position  0.051181 -0.019685
size  0.015748  0.009843
drill  0.000000
shape_offset  0.000000  0.000000
orientation  0.00
Shape  Circ
Layer  front
$EndPAD
$PAD "13"
position  0.051181 -0.039370
size  0.015748  0.009843
drill  0.000000
shape_offset  0.000000  0.000000
orientation  0.00
Shape  Circ
Layer  front
$EndPAD
$PAD "14"
position  0.019685 -0.051181
size  0.015748  0.009843
drill  0.000000
shape_offset  0.000000  0.000000
orientation  90.00
Shape  Circ
Layer  front
$EndPAD
$PAD "15"
position  0.000000 -0.051181
size  0.015748  0.009843
drill  0.000000
shape_offset  0.000000  0.000000
orientation  90.00
Shape  Circ
Layer  front
$EndPAD
$PAD "16"
position -0.019685 -0.051181
size  0.015748  0.009843
drill  0.000000
shape_offset  0.000000  0.000000
orientation  90.00
Shape  Circ
Layer  front
$EndPAD
$EndMODULE  U3

$MODULE "U5"
reference "U5"
value "AT30TS74_WLCSP"
footprint "RuuviTag:WLCSP4"
attribut smd
position  3.094882  3.646063
orientation  255.00
layer component
$SHAPE3D
Na "/media/sf_Dropbox/Projektit/RuuviTag/kicad_lib/3d/1x1x03_grey_50trans_bga.wrl"
Sc 0.4 0.4 0.4
Of 0 0 0
Ro 0 0 0
$EndSHAPE3D
$PAD "A1"
position -0.007874 -0.007874
size  0.009843  0.009843
drill  0.000000
shape_offset  0.000000  0.000000
orientation  0.00
Shape  ???
Layer  front
$EndPAD
$PAD "A2"
position  0.007874 -0.007874
size  0.009843  0.009843
drill  0.000000
shape_offset  0.000000  0.000000
orientation  0.00
Shape  ???
Layer  front
$EndPAD
$PAD "B1"
position -0.007874  0.007874
size  0.009843  0.009843
drill  0.000000
shape_offset  0.000000  0.000000
orientation  0.00
Shape  ???
Layer  front
$EndPAD
$PAD "B2"
position  0.007874  0.007874
size  0.009843  0.009843
drill  0.000000
shape_offset  0.000000  0.000000
orientation  0.00
Shape  ???
Layer  front
$EndPAD
$EndMODULE  U5

$MODULE "U6"
reference "U6"
value "Si7006"
footprint "RuuviTag:DFN6_3X3MM"
attribut smd
position  3.129921  3.779528
orientation  90.00
layer component
$SHAPE3D
Na "/media/sf_Dropbox/Projektit/RuuviTag/kicad_lib/3d/3x3x12_grey_50trans.wrl"
Sc 0.4 0.4 0.4
Of 0 0 0
Ro 0 0 0
$EndSHAPE3D
$PAD "1"
position -0.057087 -0.039370
size  0.033465  0.017717
drill  0.000000
shape_offset  0.000000  0.000000
orientation  0.00
Shape  Rect
Layer  front
$EndPAD
$PAD "2"
position -0.057087  0.000000
size  0.033465  0.017717
drill  0.000000
shape_offset  0.000000  0.000000
orientation  0.00
Shape  Rect
Layer  front
$EndPAD
$PAD "3"
position -0.057087  0.039370
size  0.033465  0.017717
drill  0.000000
shape_offset  0.000000  0.000000
orientation  0.00
Shape  Rect
Layer  front
$EndPAD
$PAD "4"
position  0.057087  0.039370
size  0.033465  0.017717
drill  0.000000
shape_offset  0.000000  0.000000
orientation  0.00
Shape  Rect
Layer  front
$EndPAD
$PAD "5"
position  0.057087  0.000000
size  0.033465  0.017717
drill  0.000000
shape_offset  0.000000  0.000000
orientation  0.00
Shape  Rect
Layer  front
$EndPAD
$PAD "6"
position  0.057087 -0.039370
size  0.033465  0.017717
drill  0.000000
shape_offset  0.000000  0.000000
orientation  0.00
Shape  Rect
Layer  front
$EndPAD
$PAD "7"
position  0.000000  0.000000
size  0.059055  0.094488
drill  0.000000
shape_offset  0.000000  0.000000
orientation  0.00
Shape  Circ
Layer  front
$EndPAD
$PAD "~"
position  0.000000 -0.027559
size  0.031496  0.031496
drill  0.000000
shape_offset  0.000000  0.000000
orientation  0.00
Shape  Circ
Layer  none
$EndPAD
$PAD "~"
position  0.000000  0.027559
size  0.031496  0.031496
drill  0.000000
shape_offset  0.000000  0.000000
orientation  0.00
Shape  Circ
Layer  none
$EndPAD
$EndMODULE  U6

$MODULE "U4"
reference "U4"
value "OPT3001"
footprint "RuuviTag:USON6_2X2MM_WITHTHRMLPAD"
attribut smd
position  3.166929  3.594882
orientation  156.60
layer component
$SHAPE3D
Na "/media/sf_Dropbox/Projektit/RuuviTag/kicad_lib/3d/2x2x065_grey_50trans.wrl"
Sc 0.4 0.4 0.4
Of 0 0 0
Ro 0 0 0
$EndSHAPE3D
$PAD "1"
position -0.037402 -0.025591
size  0.019685  0.009843
drill  0.000000
shape_offset  0.000000  0.000000
orientation  0.00
Shape  Rect
Layer  front
$EndPAD
$PAD "2"
position -0.037402  0.000000
size  0.019685  0.009843
drill  0.000000
shape_offset  0.000000  0.000000
orientation  0.00
Shape  Rect
Layer  front
$EndPAD
$PAD "3"
position -0.037402  0.025591
size  0.019685  0.009843
drill  0.000000
shape_offset  0.000000  0.000000
orientation  0.00
Shape  Rect
Layer  front
$EndPAD
$PAD "4"
position  0.037402  0.025591
size  0.019685  0.009843
drill  0.000000
shape_offset  0.000000  0.000000
orientation  0.00
Shape  Rect
Layer  front
$EndPAD
$PAD "5"
position  0.037402  0.000000
size  0.019685  0.009843
drill  0.000000
shape_offset  0.000000  0.000000
orientation  0.00
Shape  Rect
Layer  front
$EndPAD
$PAD "6"
position  0.037402 -0.025591
size  0.019685  0.009843
drill  0.000000
shape_offset  0.000000  0.000000
orientation  0.00
Shape  Rect
Layer  front
$EndPAD
$PAD "7"
position  0.000000  0.000000
size  0.025591  0.053150
drill  0.000000
shape_offset  0.000000  0.000000
orientation  0.00
Shape  Circ
Layer  front
$EndPAD
$PAD "~"
position  0.000000 -0.013780
size  0.011811  0.011811
drill  0.000000
shape_offset  0.000000  0.000000
orientation  0.00
Shape  Circ
Layer  none
$EndPAD
$PAD "~"
position  0.000000  0.011811
size  0.011811  0.011811
drill  0.000000
shape_offset  0.000000  0.000000
orientation  0.00
Shape  Circ
Layer  none
$EndPAD
$EndMODULE  U4

$MODULE "U8"
reference "U8"
value "UVIS25"
footprint "RuuviTag:UVIS25"
attribut smd
position  3.273622  4.127953
orientation  314.40
layer component
$SHAPE3D
Na "/media/sf_Dropbox/Projektit/RuuviTag/kicad_lib/3d/2x2x065_grey_50trans.wrl"
Sc 0.4 0.4 0.4
Of 0 0 0
Ro 0 0 0
$EndSHAPE3D
$PAD "1"
position -0.036417 -0.011811
size  0.017717  0.011811
drill  0.000000
shape_offset  0.000000  0.000000
orientation  0.00
Shape  Circ
Layer  front
$EndPAD
$PAD "2"
position -0.036417  0.011811
size  0.017717  0.011811
drill  0.000000
shape_offset  0.000000  0.000000
orientation  0.00
Shape  Circ
Layer  front
$EndPAD
$PAD "3"
position -0.023622  0.036417
size  0.017717  0.011811
drill  0.000000
shape_offset  0.000000  0.000000
orientation  -270.00
Shape  Circ
Layer  front
$EndPAD
$PAD "4"
position  0.000000  0.036417
size  0.017717  0.011811
drill  0.000000
shape_offset  0.000000  0.000000
orientation  -270.00
Shape  Circ
Layer  front
$EndPAD
$PAD "5"
position  0.023622  0.036417
size  0.017717  0.011811
drill  0.000000
shape_offset  0.000000  0.000000
orientation  -270.00
Shape  Circ
Layer  front
$EndPAD
$PAD "6"
position  0.036417  0.011811
size  0.017717  0.011811
drill  0.000000
shape_offset  0.000000  0.000000
orientation  0.00
Shape  Circ
Layer  front
$EndPAD
$PAD "7"
position  0.036417 -0.011811
size  0.017717  0.011811
drill  0.000000
shape_offset  0.000000  0.000000
orientation  0.00
Shape  Circ
Layer  front
$EndPAD
$PAD "8"
position  0.023622 -0.036417
size  0.017717  0.011811
drill  0.000000
shape_offset  0.000000  0.000000
orientation  -270.00
Shape  Circ
Layer  front
$EndPAD
$PAD "9"
position  0.000000 -0.036417
size  0.017717  0.011811
drill  0.000000
shape_offset  0.000000  0.000000
orientation  -270.00
Shape  Circ
Layer  front
$EndPAD
$PAD "10"
position -0.023622 -0.036417
size  0.017717  0.011811
drill  0.000000
shape_offset  0.000000  0.000000
orientation  -270.00
Shape  Circ
Layer  front
$EndPAD
$EndMODULE  U8

$MODULE "L2"
reference "L2"
value "2u2"
footprint "RuuviTag:0603_GENERAL"
attribut smd
position  3.669685  3.253937
orientation  175.00
layer component
$SHAPE3D
Na "/media/sf_Dropbox/Projektit/RuuviTag/kicad_lib/3d/0402_50trans_general.wrl"
Sc 0.6 0.6 0.6
Of 0 0 0
Ro 0 0 0
$EndSHAPE3D
$PAD "1"
position -0.027559  0.000000
size  0.023622  0.031496
drill  0.000000
shape_offset  0.000000  0.000000
orientation  0.00
Shape  Circ
Layer  front
$EndPAD
$PAD "2"
position  0.027559  0.000000
size  0.023622  0.031496
drill  0.000000
shape_offset  0.000000  0.000000
orientation  0.00
Shape  Circ
Layer  front
$EndPAD
$EndMODULE  L2

$MODULE "D1"
reference "D1"
value "LED"
footprint "RuuviTag:0402_LED"
attribut smd
position  3.622047  4.340551
orientation  180.00
layer component
$SHAPE3D
Na "/media/sf_Dropbox/Projektit/RuuviTag/kicad_lib/3d/0402_50trans_general.wrl"
Sc 0.4 0.4 0.4
Of 0 0 0
Ro 0 0 0
$EndSHAPE3D
$PAD "1"
position -0.017717  0.000000
size  0.019685  0.019685
drill  0.000000
shape_offset  0.000000  0.000000
orientation  0.00
Shape  Circ
Layer  front
$EndPAD
$PAD "2"
position  0.017717  0.000000
size  0.019685  0.019685
drill  0.000000
shape_offset  0.000000  0.000000
orientation  0.00
Shape  Circ
Layer  front
$EndPAD
$EndMODULE  D1

$MODULE "P33"
reference "P33"
value "+BATT"
footprint "RuuviTag:WIDE_PLATED_HOLE"
attribut none
position  3.929134  3.982283
orientation  236.60
layer component
$PAD "1"
position  0.000000  0.000000
size  0.212598  0.062992
drill  0.196850
shape_offset  0.000000  0.000000
orientation  0.00
Shape  Rect
Layer  both
$EndPAD
$EndMODULE  P33

$MODULE "P32"
reference "P32"
value "+BATT"
footprint "RuuviTag:WIDE_PLATED_HOLE"
attribut none
position  3.622047  3.411417
orientation  0.00
layer component
$PAD "1"
position  0.000000  0.000000
size  0.212598  0.062992
drill  0.196850
shape_offset  0.000000  0.000000
orientation  0.00
Shape  Rect
Layer  both
$EndPAD
$EndMODULE  P32

$MODULE "P27"
reference "P27"
value "+BATT"
footprint "RuuviTag:WIDE_PLATED_HOLE"
attribut none
position  3.314961  3.982283
orientation  123.30
layer component
$PAD "1"
position  0.000000  0.000000
size  0.212598  0.062992
drill  0.196850
shape_offset  0.000000  0.000000
orientation  0.00
Shape  Rect
Layer  both
$EndPAD
$EndMODULE  P27

$MODULE "P5"
reference "P5"
value "ENERGY_HARVESTER_GND"
footprint "RuuviTag:WIDE_PLATED_HOLE2"
attribut none
position  3.622047  4.192913
orientation  0.00
layer component
$PAD "1"
position  0.000000  0.000000
size  0.094488  0.062992
drill  0.078740
shape_offset  0.000000  0.000000
orientation  0.00
Shape  Rect
Layer  both
$EndPAD
$EndMODULE  P5

$MODULE "P18"
reference "P18"
value "EXTRNL_PWR_(DURING_FLASHING)"
footprint "RuuviTag:09MM_PLATED_HOLE"
attribut none
position  3.372047  4.264567
orientation  90.00
layer component
$PAD "1"
position  0.000000  0.000000
size  0.051181  0.051181
drill  0.035433
shape_offset  0.000000  0.000000
orientation  0.00
Shape  ???
Layer  both
$EndPAD
$EndMODULE  P18

$MODULE "P19"
reference "P19"
value "UART_TX_(FLASHING)"
footprint "RuuviTag:09MM_PLATED_HOLE"
attribut none
position  3.572047  4.264567
orientation  90.00
layer component
$PAD "1"
position  0.000000  0.000000
size  0.051181  0.051181
drill  0.035433
shape_offset  0.000000  0.000000
orientation  0.00
Shape  ???
Layer  both
$EndPAD
$EndMODULE  P19

$MODULE "P20"
reference "P20"
value "UART_RX_(FLASHING)"
footprint "RuuviTag:09MM_PLATED_HOLE"
attribut none
position  3.472047  4.264567
orientation  90.00
layer component
$PAD "1"
position  0.000000  0.000000
size  0.051181  0.051181
drill  0.035433
shape_offset  0.000000  0.000000
orientation  0.00
Shape  ???
Layer  both
$EndPAD
$EndMODULE  P20

$MODULE "P21"
reference "P21"
value "GND_(FLASHING)"
footprint "RuuviTag:09MM_PLATED_HOLE"
attribut none
position  3.672047  4.264567
orientation  90.00
layer component
$PAD "1"
position  0.000000  0.000000
size  0.051181  0.051181
drill  0.035433
shape_offset  0.000000  0.000000
orientation  0.00
Shape  ???
Layer  both
$EndPAD
$EndMODULE  P21

$MODULE "P28"
reference "P28"
value "GND"
footprint "RuuviTag:09MM_PLATED_HOLE"
attribut none
position  3.362205  3.393701
orientation  0.00
layer component
$PAD "1"
position  0.000000  0.000000
size  0.051181  0.051181
drill  0.035433
shape_offset  0.000000  0.000000
orientation  0.00
Shape  ???
Layer  both
$EndPAD
$EndMODULE  P28

$MODULE "P34"
reference "P34"
value "GND"
footprint "RuuviTag:09MM_PLATED_HOLE"
attribut none
position  3.881890  4.165354
orientation  90.00
layer component
$PAD "1"
position  0.000000  0.000000
size  0.051181  0.051181
drill  0.035433
shape_offset  0.000000  0.000000
orientation  0.00
Shape  ???
Layer  both
$EndPAD
$EndMODULE  P34

$MODULE "P22"
reference "P22"
value "OTP_6V8_(FLASHING)"
footprint "RuuviTag:09MM_PLATED_HOLE"
attribut none
position  3.872047  4.264567
orientation  90.00
layer component
$PAD "1"
position  0.000000  0.000000
size  0.051181  0.051181
drill  0.035433
shape_offset  0.000000  0.000000
orientation  0.00
Shape  ???
Layer  both
$EndPAD
$EndMODULE  P22

$MODULE "P25"
reference "P25"
value "RST_(FLASHING)"
footprint "RuuviTag:09MM_PLATED_HOLE"
attribut none
position  3.772441  4.264567
orientation  90.00
layer component
$PAD "1"
position  0.000000  0.000000
size  0.051181  0.051181
drill  0.035433
shape_offset  0.000000  0.000000
orientation  0.00
Shape  ???
Layer  both
$EndPAD
$EndMODULE  P25

$MODULE "P23"
reference "P23"
value "SWDIO"
footprint "RuuviTag:09MM_PLATED_HOLE"
attribut none
position  3.522047  4.209449
orientation  90.00
layer component
$PAD "1"
position  0.000000  0.000000
size  0.051181  0.051181
drill  0.035433
shape_offset  0.000000  0.000000
orientation  0.00
Shape  ???
Layer  both
$EndPAD
$EndMODULE  P23

$MODULE "P24"
reference "P24"
value "SWD_CLK"
footprint "RuuviTag:09MM_PLATED_HOLE"
attribut none
position  3.722441  4.209449
orientation  90.00
layer component
$PAD "1"
position  0.000000  0.000000
size  0.051181  0.051181
drill  0.035433
shape_offset  0.000000  0.000000
orientation  0.00
Shape  ???
Layer  both
$EndPAD
$EndMODULE  P24

$MODULE "P1"
reference "P1"
value "SPI_SCK"
footprint "RuuviTag:05MM_PLATED_RECT_HOLE"
attribut none
position  3.213780  3.352756
orientation  134.00
layer component
$PAD "1"
position  0.000000  0.000000
size  0.031496  0.031496
drill  0.019685
shape_offset  0.000000  0.000000
orientation  0.00
Shape  Circ
Layer  both
$EndPAD
$EndMODULE  P1

$MODULE "P2"
reference "P2"
value "P0_1"
footprint "RuuviTag:05MM_PLATED_RECT_HOLE"
attribut none
position  3.417717  3.225591
orientation  110.00
layer component
$PAD "1"
position  0.000000  0.000000
size  0.031496  0.031496
drill  0.019685
shape_offset  0.000000  0.000000
orientation  0.00
Shape  Circ
Layer  both
$EndPAD
$EndMODULE  P2

$MODULE "P3"
reference "P3"
value "P0_2"
footprint "RuuviTag:05MM_PLATED_RECT_HOLE"
attribut none
position  3.373228  3.243701
orientation  115.00
layer component
$PAD "1"
position  0.000000  0.000000
size  0.031496  0.031496
drill  0.019685
shape_offset  0.000000  0.000000
orientation  0.00
Shape  Circ
Layer  both
$EndPAD
$EndMODULE  P3

$MODULE "P4"
reference "P4"
value "P0_3"
footprint "RuuviTag:05MM_PLATED_RECT_HOLE"
attribut none
position  3.330709  3.265748
orientation  120.00
layer component
$PAD "1"
position  0.000000  0.000000
size  0.031496  0.031496
drill  0.019685
shape_offset  0.000000  0.000000
orientation  0.00
Shape  Circ
Layer  both
$EndPAD
$EndMODULE  P4

$MODULE "P6"
reference "P6"
value "SPI_MISO"
footprint "RuuviTag:05MM_PLATED_RECT_HOLE"
attribut none
position  3.150000  3.424409
orientation  144.00
layer component
$PAD "1"
position  0.000000  0.000000
size  0.031496  0.031496
drill  0.019685
shape_offset  0.000000  0.000000
orientation  0.00
Shape  Circ
Layer  both
$EndPAD
$EndMODULE  P6

$MODULE "P7"
reference "P7"
value "SPI_MOSI"
footprint "RuuviTag:05MM_PLATED_RECT_HOLE"
attribut none
position  3.180315  3.387008
orientation  138.00
layer component
$PAD "1"
position  0.000000  0.000000
size  0.031496  0.031496
drill  0.019685
shape_offset  0.000000  0.000000
orientation  0.00
Shape  Circ
Layer  both
$EndPAD
$EndMODULE  P7

$MODULE "P8"
reference "P8"
value "P0_7"
footprint "RuuviTag:05MM_PLATED_RECT_HOLE"
attribut none
position  3.290157  3.291339
orientation  125.00
layer component
$PAD "1"
position  0.000000  0.000000
size  0.031496  0.031496
drill  0.019685
shape_offset  0.000000  0.000000
orientation  0.00
Shape  Circ
Layer  both
$EndPAD
$EndMODULE  P8

$MODULE "P9"
reference "P9"
value "I2C_SCL"
footprint "RuuviTag:05MM_PLATED_RECT_HOLE"
attribut none
position  3.061417  3.594488
orientation  161.00
layer component
$PAD "1"
position  0.000000  0.000000
size  0.031496  0.031496
drill  0.019685
shape_offset  0.000000  0.000000
orientation  0.00
Shape  Circ
Layer  both
$EndPAD
$EndMODULE  P9

$MODULE "P10"
reference "P10"
value "I2C_SDA"
footprint "RuuviTag:05MM_PLATED_RECT_HOLE"
attribut none
position  3.078740  3.550000
orientation  156.60
layer component
$PAD "1"
position  0.000000  0.000000
size  0.031496  0.031496
drill  0.019685
shape_offset  0.000000  0.000000
orientation  0.00
Shape  Circ
Layer  both
$EndPAD
$EndMODULE  P10

$MODULE "P11"
reference "P11"
value "I2C_VDD"
footprint "RuuviTag:05MM_PLATED_RECT_HOLE"
attribut none
position  3.098819  3.506299
orientation  152.00
layer component
$PAD "1"
position  0.000000  0.000000
size  0.031496  0.031496
drill  0.019685
shape_offset  0.000000  0.000000
orientation  0.00
Shape  Circ
Layer  both
$EndPAD
$EndMODULE  P11

$MODULE "P12"
reference "P12"
value "I2C_GND"
footprint "RuuviTag:05MM_PLATED_RECT_HOLE"
attribut none
position  3.048031  3.640551
orientation  166.00
layer component
$PAD "1"
position  0.000000  0.000000
size  0.031496  0.031496
drill  0.019685
shape_offset  0.000000  0.000000
orientation  0.00
Shape  Circ
Layer  both
$EndPAD
$EndMODULE  P12

$MODULE "U7"
reference "U7"
value "MS5637"
footprint "RuuviTag:MS5637"
attribut smd
position  3.165354  3.976378
orientation  202.20
layer component
$SHAPE3D
Na "/media/sf_Dropbox/Projektit/RuuviTag/kicad_lib/3d/3x3x09_barosensor_50trans.wrl"
Sc 0.4 0.4 0.4
Of 0 0 0
Ro 0 0 0
$EndSHAPE3D
$PAD "1"
position -0.039370 -0.039370
size  0.031496  0.031496
drill  0.000000
shape_offset  0.000000  0.000000
orientation  0.00
Shape  Circ
Layer  front
$EndPAD
$PAD "2"
position -0.039370  0.039370
size  0.031496  0.031496
drill  0.000000
shape_offset  0.000000  0.000000
orientation  0.00
Shape  Circ
Layer  front
$EndPAD
$PAD "3"
position  0.039370  0.039370
size  0.031496  0.031496
drill  0.000000
shape_offset  0.000000  0.000000
orientation  0.00
Shape  Circ
Layer  front
$EndPAD
$PAD "4"
position  0.039370 -0.039370
size  0.031496  0.031496
drill  0.000000
shape_offset  0.000000  0.000000
orientation  0.00
Shape  Circ
Layer  front
$EndPAD
$EndMODULE  U7

$MODULE "Y1"
reference "Y1"
value "16M"
footprint "RuuviTag:32X25MM_4PIN_CRYSTAL"
attribut smd
position  3.546457  3.266535
orientation  0.00
layer component
$SHAPE3D
Na "/media/sf_Dropbox/Projektit/RuuviTag/kicad_lib/3d/32x25_lightgrey_50trans.wrl"
Sc 0.4 0.4 0.4
Of 0 0 0
Ro 0 0 0
$EndSHAPE3D
$PAD "1"
position -0.039370 -0.029528
size  0.039370  0.031496
drill  0.000000
shape_offset  0.000000  0.000000
orientation  0.00
Shape  Circ
Layer  front
$EndPAD
$PAD "2"
position -0.039370  0.029528
size  0.039370  0.031496
drill  0.000000
shape_offset  0.000000  0.000000
orientation  0.00
Shape  Circ
Layer  front
$EndPAD
$PAD "3"
position  0.039370  0.029528
size  0.039370  0.031496
drill  0.000000
shape_offset  0.000000  0.000000
orientation  0.00
Shape  Circ
Layer  front
$EndPAD
$PAD "4"
position  0.039370 -0.029528
size  0.039370  0.031496
drill  0.000000
shape_offset  0.000000  0.000000
orientation  0.00
Shape  Circ
Layer  front
$EndPAD
$EndMODULE  Y1

$MODULE "C12"
reference "C12"
value "NA"
footprint "RuuviTag:0402_GENERAL"
attribut smd
position  3.901181  3.412992
orientation  233.00
layer component
$SHAPE3D
Na "/media/sf_Dropbox/Projektit/RuuviTag/kicad_lib/3d/0402_50trans_general.wrl"
Sc 0.4 0.4 0.4
Of 0 0 0
Ro 0 0 0
$EndSHAPE3D
$PAD "1"
position -0.021654  0.000000
size  0.023622  0.019685
drill  0.000000
shape_offset  0.000000  0.000000
orientation  0.00
Shape  Circ
Layer  front
$EndPAD
$PAD "2"
position  0.021654  0.000000
size  0.023622  0.019685
drill  0.000000
shape_offset  0.000000  0.000000
orientation  0.00
Shape  Circ
Layer  front
$EndPAD
$EndMODULE  C12

$MODULE "C11"
reference "C11"
value "0_ohm_resistor"
footprint "RuuviTag:0402_GENERAL"
attribut smd
position  3.916535  3.350787
orientation  325.00
layer component
$SHAPE3D
Na "/media/sf_Dropbox/Projektit/RuuviTag/kicad_lib/3d/0402_50trans_general.wrl"
Sc 0.4 0.4 0.4
Of 0 0 0
Ro 0 0 0
$EndSHAPE3D
$PAD "1"
position -0.021654  0.000000
size  0.023622  0.019685
drill  0.000000
shape_offset  0.000000  0.000000
orientation  0.00
Shape  Circ
Layer  front
$EndPAD
$PAD "2"
position  0.021654  0.000000
size  0.023622  0.019685
drill  0.000000
shape_offset  0.000000  0.000000
orientation  0.00
Shape  Circ
Layer  front
$EndPAD
$EndMODULE  C11

$MODULE "R8"
reference "R8"
value "10k"
footprint "RuuviTag:0402_GENERAL"
attribut smd
position  3.092913  3.890157
orientation  11.10
layer component
$SHAPE3D
Na "/media/sf_Dropbox/Projektit/RuuviTag/kicad_lib/3d/0402_50trans_general.wrl"
Sc 0.4 0.4 0.4
Of 0 0 0
Ro 0 0 0
$EndSHAPE3D
$PAD "1"
position -0.021654  0.000000
size  0.023622  0.019685
drill  0.000000
shape_offset  0.000000  0.000000
orientation  0.00
Shape  Circ
Layer  front
$EndPAD
$PAD "2"
position  0.021654  0.000000
size  0.023622  0.019685
drill  0.000000
shape_offset  0.000000  0.000000
orientation  0.00
Shape  Circ
Layer  front
$EndPAD
$EndMODULE  R8

$MODULE "R7"
reference "R7"
value "10k"
footprint "RuuviTag:0402_GENERAL"
attribut smd
position  3.177559  3.873622
orientation  11.10
layer component
$SHAPE3D
Na "/media/sf_Dropbox/Projektit/RuuviTag/kicad_lib/3d/0402_50trans_general.wrl"
Sc 0.4 0.4 0.4
Of 0 0 0
Ro 0 0 0
$EndSHAPE3D
$PAD "1"
position -0.021654  0.000000
size  0.023622  0.019685
drill  0.000000
shape_offset  0.000000  0.000000
orientation  0.00
Shape  Circ
Layer  front
$EndPAD
$PAD "2"
position  0.021654  0.000000
size  0.023622  0.019685
drill  0.000000
shape_offset  0.000000  0.000000
orientation  0.00
Shape  Circ
Layer  front
$EndPAD
$EndMODULE  R7

$MODULE "R6"
reference "R6"
value "470"
footprint "RuuviTag:0402_GENERAL"
attribut smd
position  3.391732  4.144094
orientation  328.00
layer component
$SHAPE3D
Na "/media/sf_Dropbox/Projektit/RuuviTag/kicad_lib/3d/0402_50trans_general.wrl"
Sc 0.4 0.4 0.4
Of 0 0 0
Ro 0 0 0
$EndSHAPE3D
$PAD "1"
position -0.021654  0.000000
size  0.023622  0.019685
drill  0.000000
shape_offset  0.000000  0.000000
orientation  0.00
Shape  Circ
Layer  front
$EndPAD
$PAD "2"
position  0.021654  0.000000
size  0.023622  0.019685
drill  0.000000
shape_offset  0.000000  0.000000
orientation  0.00
Shape  Circ
Layer  front
$EndPAD
$EndMODULE  R6

$MODULE "L3"
reference "L3"
value "0_ohm_resistor"
footprint "RuuviTag:0402_GENERAL"
attribut smd
position  3.977165  3.341339
orientation  320.00
layer component
$SHAPE3D
Na "/media/sf_Dropbox/Projektit/RuuviTag/kicad_lib/3d/0402_50trans_general.wrl"
Sc 0.4 0.4 0.4
Of 0 0 0
Ro 0 0 0
$EndSHAPE3D
$PAD "1"
position -0.021654  0.000000
size  0.023622  0.019685
drill  0.000000
shape_offset  0.000000  0.000000
orientation  0.00
Shape  Circ
Layer  front
$EndPAD
$PAD "2"
position  0.021654  0.000000
size  0.023622  0.019685
drill  0.000000
shape_offset  0.000000  0.000000
orientation  0.00
Shape  Circ
Layer  front
$EndPAD
$EndMODULE  L3

$MODULE "L1"
reference "L1"
value "NA"
footprint "RuuviTag:0402_GENERAL"
attribut smd
position  3.863780  3.387795
orientation  60.00
layer component
$SHAPE3D
Na "/media/sf_Dropbox/Projektit/RuuviTag/kicad_lib/3d/0402_50trans_general.wrl"
Sc 0.4 0.4 0.4
Of 0 0 0
Ro 0 0 0
$EndSHAPE3D
$PAD "1"
position -0.021654  0.000000
size  0.023622  0.019685
drill  0.000000
shape_offset  0.000000  0.000000
orientation  0.00
Shape  Circ
Layer  front
$EndPAD
$PAD "2"
position  0.021654  0.000000
size  0.023622  0.019685
drill  0.000000
shape_offset  0.000000  0.000000
orientation  0.00
Shape  Circ
Layer  front
$EndPAD
$EndMODULE  L1

$MODULE "C10"
reference "C10"
value "1u"
footprint "RuuviTag:0402_GENERAL"
attribut smd
position  3.659843  3.321654
orientation  180.00
layer component
$SHAPE3D
Na "/media/sf_Dropbox/Projektit/RuuviTag/kicad_lib/3d/0402_50trans_general.wrl"
Sc 0.4 0.4 0.4
Of 0 0 0
Ro 0 0 0
$EndSHAPE3D
$PAD "1"
position -0.021654  0.000000
size  0.023622  0.019685
drill  0.000000
shape_offset  0.000000  0.000000
orientation  0.00
Shape  Circ
Layer  front
$EndPAD
$PAD "2"
position  0.021654  0.000000
size  0.023622  0.019685
drill  0.000000
shape_offset  0.000000  0.000000
orientation  0.00
Shape  Circ
Layer  front
$EndPAD
$EndMODULE  C10

$MODULE "C9"
reference "C9"
value "1u"
footprint "RuuviTag:0402_GENERAL"
attribut smd
position  3.366929  4.180709
orientation  328.00
layer component
$SHAPE3D
Na "/media/sf_Dropbox/Projektit/RuuviTag/kicad_lib/3d/0402_50trans_general.wrl"
Sc 0.4 0.4 0.4
Of 0 0 0
Ro 0 0 0
$EndSHAPE3D
$PAD "1"
position -0.021654  0.000000
size  0.023622  0.019685
drill  0.000000
shape_offset  0.000000  0.000000
orientation  0.00
Shape  Circ
Layer  front
$EndPAD
$PAD "2"
position  0.021654  0.000000
size  0.023622  0.019685
drill  0.000000
shape_offset  0.000000  0.000000
orientation  0.00
Shape  Circ
Layer  front
$EndPAD
$EndMODULE  C9

$MODULE "C8"
reference "C8"
value "1u"
footprint "RuuviTag:0402_GENERAL"
attribut smd
position  3.162205  3.496457
orientation  328.00
layer component
$SHAPE3D
Na "/media/sf_Dropbox/Projektit/RuuviTag/kicad_lib/3d/0402_50trans_general.wrl"
Sc 0.4 0.4 0.4
Of 0 0 0
Ro 0 0 0
$EndSHAPE3D
$PAD "1"
position -0.021654  0.000000
size  0.023622  0.019685
drill  0.000000
shape_offset  0.000000  0.000000
orientation  0.00
Shape  Circ
Layer  front
$EndPAD
$PAD "2"
position  0.021654  0.000000
size  0.023622  0.019685
drill  0.000000
shape_offset  0.000000  0.000000
orientation  0.00
Shape  Circ
Layer  front
$EndPAD
$EndMODULE  C8

$MODULE "C7"
reference "C7"
value "NA"
footprint "RuuviTag:0402_GENERAL"
attribut smd
position  3.956693  3.405906
orientation  227.00
layer component
$SHAPE3D
Na "/media/sf_Dropbox/Projektit/RuuviTag/kicad_lib/3d/0402_50trans_general.wrl"
Sc 0.4 0.4 0.4
Of 0 0 0
Ro 0 0 0
$EndSHAPE3D
$PAD "1"
position -0.021654  0.000000
size  0.023622  0.019685
drill  0.000000
shape_offset  0.000000  0.000000
orientation  0.00
Shape  Circ
Layer  front
$EndPAD
$PAD "2"
position  0.021654  0.000000
size  0.023622  0.019685
drill  0.000000
shape_offset  0.000000  0.000000
orientation  0.00
Shape  Circ
Layer  front
$EndPAD
$EndMODULE  C7

$MODULE "C6"
reference "C6"
value "1u"
footprint "RuuviTag:0402_GENERAL"
attribut smd
position  3.192913  4.074803
orientation  215.00
layer component
$SHAPE3D
Na "/media/sf_Dropbox/Projektit/RuuviTag/kicad_lib/3d/0402_50trans_general.wrl"
Sc 0.4 0.4 0.4
Of 0 0 0
Ro 0 0 0
$EndSHAPE3D
$PAD "1"
position -0.021654  0.000000
size  0.023622  0.019685
drill  0.000000
shape_offset  0.000000  0.000000
orientation  0.00
Shape  Circ
Layer  front
$EndPAD
$PAD "2"
position  0.021654  0.000000
size  0.023622  0.019685
drill  0.000000
shape_offset  0.000000  0.000000
orientation  0.00
Shape  Circ
Layer  front
$EndPAD
$EndMODULE  C6

$MODULE "C5"
reference "C5"
value "1u"
footprint "RuuviTag:0402_GENERAL"
attribut smd
position  3.228740  3.551575
orientation  148.00
layer component
$SHAPE3D
Na "/media/sf_Dropbox/Projektit/RuuviTag/kicad_lib/3d/0402_50trans_general.wrl"
Sc 0.4 0.4 0.4
Of 0 0 0
Ro 0 0 0
$EndSHAPE3D
$PAD "1"
position -0.021654  0.000000
size  0.023622  0.019685
drill  0.000000
shape_offset  0.000000  0.000000
orientation  0.00
Shape  Circ
Layer  front
$EndPAD
$PAD "2"
position  0.021654  0.000000
size  0.023622  0.019685
drill  0.000000
shape_offset  0.000000  0.000000
orientation  0.00
Shape  Circ
Layer  front
$EndPAD
$EndMODULE  C5

$MODULE "C4"
reference "C4"
value "1u"
footprint "RuuviTag:0402_GENERAL"
attribut smd
position  3.170079  3.666929
orientation  345.00
layer component
$SHAPE3D
Na "/media/sf_Dropbox/Projektit/RuuviTag/kicad_lib/3d/0402_50trans_general.wrl"
Sc 0.4 0.4 0.4
Of 0 0 0
Ro 0 0 0
$EndSHAPE3D
$PAD "1"
position -0.021654  0.000000
size  0.023622  0.019685
drill  0.000000
shape_offset  0.000000  0.000000
orientation  0.00
Shape  Circ
Layer  front
$EndPAD
$PAD "2"
position  0.021654  0.000000
size  0.023622  0.019685
drill  0.000000
shape_offset  0.000000  0.000000
orientation  0.00
Shape  Circ
Layer  front
$EndPAD
$EndMODULE  C4

$MODULE "C3"
reference "C3"
value "1u"
footprint "RuuviTag:0402_GENERAL"
attribut smd
position  3.324409  3.338976
orientation  214.00
layer component
$SHAPE3D
Na "/media/sf_Dropbox/Projektit/RuuviTag/kicad_lib/3d/0402_50trans_general.wrl"
Sc 0.4 0.4 0.4
Of 0 0 0
Ro 0 0 0
$EndSHAPE3D
$PAD "1"
position -0.021654  0.000000
size  0.023622  0.019685
drill  0.000000
shape_offset  0.000000  0.000000
orientation  0.00
Shape  Circ
Layer  front
$EndPAD
$PAD "2"
position  0.021654  0.000000
size  0.023622  0.019685
drill  0.000000
shape_offset  0.000000  0.000000
orientation  0.00
Shape  Circ
Layer  front
$EndPAD
$EndMODULE  C3

$MODULE "C2"
reference "C2"
value "1u"
footprint "RuuviTag:0402_GENERAL"
attribut smd
position  3.536220  3.346063
orientation  191.00
layer component
$SHAPE3D
Na "/media/sf_Dropbox/Projektit/RuuviTag/kicad_lib/3d/0402_50trans_general.wrl"
Sc 0.4 0.4 0.4
Of 0 0 0
Ro 0 0 0
$EndSHAPE3D
$PAD "1"
position -0.021654  0.000000
size  0.023622  0.019685
drill  0.000000
shape_offset  0.000000  0.000000
orientation  0.00
Shape  Circ
Layer  front
$EndPAD
$PAD "2"
position  0.021654  0.000000
size  0.023622  0.019685
drill  0.000000
shape_offset  0.000000  0.000000
orientation  0.00
Shape  Circ
Layer  front
$EndPAD
$EndMODULE  C2

$MODULE "C1"
reference "C1"
value "1u"
footprint "RuuviTag:0402_GENERAL"
attribut smd
position  3.905118  3.290157
orientation  330.00
layer component
$SHAPE3D
Na "/media/sf_Dropbox/Projektit/RuuviTag/kicad_lib/3d/0402_50trans_general.wrl"
Sc 0.4 0.4 0.4
Of 0 0 0
Ro 0 0 0
$EndSHAPE3D
$PAD "1"
position -0.021654  0.000000
size  0.023622  0.019685
drill  0.000000
shape_offset  0.000000  0.000000
orientation  0.00
Shape  Circ
Layer  front
$EndPAD
$PAD "2"
position  0.021654  0.000000
size  0.023622  0.019685
drill  0.000000
shape_offset  0.000000  0.000000
orientation  0.00
Shape  Circ
Layer  front
$EndPAD
$EndMODULE  C1

$MODULE "REF**"
reference "REF**"
value "HIDDEN"
footprint "RuuviTag:HIDDEN"
attribut smd
position  3.622047  3.779528
orientation  0.00
layer component
$EndMODULE  REF**

$MODULE "P13"
reference "P13"
value "FIDUCIAL"
footprint "RuuviTag:FIDUCIAL_1MM"
attribut smd
position  3.799213  4.181102
orientation  0.00
layer component
$PAD "1"
position  0.000000  0.000000
size  0.039370  0.039370
drill  0.000000
shape_offset  0.000000  0.000000
orientation  0.00
Shape  ???
Layer  front
$EndPAD
$EndMODULE  P13

$MODULE "P14"
reference "P14"
value "FIDUCIAL"
footprint "RuuviTag:FIDUCIAL_1MM"
attribut smd
position  3.952756  3.500000
orientation  0.00
layer component
$PAD "1"
position  0.000000  0.000000
size  0.039370  0.039370
drill  0.000000
shape_offset  0.000000  0.000000
orientation  0.00
Shape  ???
Layer  front
$EndPAD
$EndMODULE  P14

$MODULE "G***"
reference "G***"
value "RUUVITAG_CURVED_SILK"
footprint "RuuviTag:RUUVITAG_CURVED_SILK"
attribut smd
position  4.039370  3.712992
orientation  355.00
layer component
$EndMODULE  G***

$MODULE "G***"
reference "G***"
value "REVA1_RUUVICC_CURVED_SILK"
footprint "RuuviTag:REVA1_RUUVICC_CURVED_SILK"
attribut smd
position  4.010236  3.702362
orientation  35.00
layer copper
$EndMODULE  G***

$LINE 
start 3.914173 3.975197
end 3.986220 3.937008
width 0.001969
$EndLINE 
$LINE 
start 3.903543 4.061024
end 3.914173 3.975197
width 0.001969
$EndLINE 
$LINE 
start 3.328740 3.972835
end 3.340551 4.061024
width 0.001969
$EndLINE 
$LINE 
start 3.255906 3.935039
end 3.328740 3.972835
width 0.001969
$EndLINE 
$LINE 
start 3.622047 3.427953
end 3.700787 3.389764
width 0.001969
$EndLINE 
$LINE 
start 3.543307 3.389764
end 3.622047 3.427953
width 0.001969
$EndLINE 
$LINE 
start 3.661417 4.191339
end 3.675197 4.189370
width 0.001969
$EndLINE 
$LINE 
start 3.568504 4.189370
end 3.582677 4.191339
width 0.001969
$EndLINE 
$LINE 
start 3.557480 4.175591
end 3.557874 4.177165
width 0.001969
$EndLINE 
$LINE 
start 3.556693 4.174016
end 3.557480 4.175591
width 0.001969
$EndLINE 
$LINE 
start 3.555118 4.172441
end 3.556693 4.174016
width 0.001969
$EndLINE 
$LINE 
start 3.553543 4.171654
end 3.555118 4.172441
width 0.001969
$EndLINE 
$LINE 
start 3.557874 4.177165
end 3.558661 4.179921
width 0.001969
$EndLINE 
$LINE 
start 3.566929 4.188976
end 3.568504 4.189370
width 0.001969
$EndLINE 
$LINE 
start 3.563780 4.187402
end 3.566929 4.188976
width 0.001969
$EndLINE 
$LINE 
start 3.561417 4.185039
end 3.563780 4.187402
width 0.001969
$EndLINE 
$LINE 
start 3.559843 4.182677
end 3.561417 4.185039
width 0.001969
$EndLINE 
$LINE 
start 3.558661 4.179921
end 3.559843 4.182677
width 0.001969
$EndLINE 
$LINE 
start 3.678346 4.188583
end 3.675197 4.189370
width 0.001969
$EndLINE 
$LINE 
start 3.681496 4.186614
end 3.678346 4.188583
width 0.001969
$EndLINE 
$LINE 
start 3.683858 4.183465
end 3.681496 4.186614
width 0.001969
$EndLINE 
$LINE 
start 3.685827 4.178740
end 3.683858 4.183465
width 0.001969
$EndLINE 
$LINE 
start 3.690945 4.171654
end 3.700787 4.169291
width 0.001969
$EndLINE 
$LINE 
start 3.688583 4.173228
end 3.690945 4.171654
width 0.001969
$EndLINE 
$LINE 
start 3.687008 4.174803
end 3.688583 4.173228
width 0.001969
$EndLINE 
$LINE 
start 3.685827 4.177953
end 3.687008 4.174803
width 0.001969
$EndLINE 
$LINE 
start 3.582677 4.191339
end 3.661417 4.191339
width 0.001969
$EndLINE 
$LINE 
start 3.543307 4.169291
end 3.553543 4.171654
width 0.001969
$EndLINE 
$LINE 
start 3.903543 4.061024
end 3.870079 4.090551
width 0.001969
$EndLINE 
$LINE 
start 3.992126 3.925197
end 3.986220 3.937008
width 0.001969
$EndLINE 
$LINE 
start 3.340551 4.061024
end 3.346457 4.066929
width 0.001969
$EndLINE 
$LINE 
start 3.251969 3.925197
end 3.255906 3.935039
width 0.001969
$EndLINE 
$LINE 
start 3.795276 3.421260
end 3.767717 3.409449
width 0.001969
$EndLINE 
$LINE 
start 3.830709 3.440945
end 3.795276 3.421260
width 0.001969
$EndLINE 
$LINE 
start 3.870079 3.468504
end 3.830709 3.440945
width 0.001969
$EndLINE 
$LINE 
start 3.901575 3.496063
end 3.870079 3.468504
width 0.001969
$EndLINE 
$LINE 
start 3.933071 3.531496
end 3.901575 3.496063
width 0.001969
$EndLINE 
$LINE 
start 3.960630 3.570866
end 3.933071 3.531496
width 0.001969
$EndLINE 
$LINE 
start 3.984252 3.614173
end 3.960630 3.570866
width 0.001969
$EndLINE 
$LINE 
start 4.003937 3.665354
end 3.984252 3.614173
width 0.001969
$EndLINE 
$LINE 
start 4.015748 3.720472
end 4.003937 3.665354
width 0.001969
$EndLINE 
$LINE 
start 4.019685 3.763780
end 4.015748 3.720472
width 0.001969
$EndLINE 
$LINE 
start 4.019685 3.799213
end 4.019685 3.763780
width 0.001969
$EndLINE 
$LINE 
start 4.015748 3.838583
end 4.019685 3.799213
width 0.001969
$EndLINE 
$LINE 
start 4.003937 3.889764
end 4.015748 3.838583
width 0.001969
$EndLINE 
$LINE 
start 3.992126 3.925197
end 4.003937 3.889764
width 0.001969
$EndLINE 
$LINE 
start 3.830709 4.118110
end 3.870079 4.090551
width 0.001969
$EndLINE 
$LINE 
start 3.779528 4.145669
end 3.830709 4.118110
width 0.001969
$EndLINE 
$LINE 
start 3.732283 4.161417
end 3.779528 4.145669
width 0.001969
$EndLINE 
$LINE 
start 3.700787 4.169291
end 3.732283 4.161417
width 0.001969
$EndLINE 
$LINE 
start 3.500000 4.157480
end 3.543307 4.169291
width 0.001969
$EndLINE 
$LINE 
start 3.448819 4.137795
end 3.500000 4.157480
width 0.001969
$EndLINE 
$LINE 
start 3.413386 4.118110
end 3.448819 4.137795
width 0.001969
$EndLINE 
$LINE 
start 3.377953 4.094488
end 3.413386 4.118110
width 0.001969
$EndLINE 
$LINE 
start 3.346457 4.066929
end 3.377953 4.094488
width 0.001969
$EndLINE 
$LINE 
start 3.236220 3.877953
end 3.251969 3.925197
width 0.001969
$EndLINE 
$LINE 
start 3.228346 3.834646
end 3.236220 3.877953
width 0.001969
$EndLINE 
$LINE 
start 3.224409 3.795276
end 3.228346 3.834646
width 0.001969
$EndLINE 
$LINE 
start 3.224409 3.763780
end 3.224409 3.795276
width 0.001969
$EndLINE 
$LINE 
start 3.228346 3.724409
end 3.224409 3.763780
width 0.001969
$EndLINE 
$LINE 
start 3.232283 3.700787
end 3.228346 3.724409
width 0.001969
$EndLINE 
$LINE 
start 3.240157 3.669291
end 3.232283 3.700787
width 0.001969
$EndLINE 
$LINE 
start 3.251969 3.633858
end 3.240157 3.669291
width 0.001969
$EndLINE 
$LINE 
start 3.263780 3.606299
end 3.251969 3.633858
width 0.001969
$EndLINE 
$LINE 
start 3.271654 3.590551
end 3.263780 3.606299
width 0.001969
$EndLINE 
$LINE 
start 3.291339 3.559055
end 3.271654 3.590551
width 0.001969
$EndLINE 
$LINE 
start 3.311024 3.531496
end 3.291339 3.559055
width 0.001969
$EndLINE 
$LINE 
start 3.342520 3.496063
end 3.311024 3.531496
width 0.001969
$EndLINE 
$LINE 
start 3.374016 3.468504
end 3.342520 3.496063
width 0.001969
$EndLINE 
$LINE 
start 3.401575 3.448819
end 3.374016 3.468504
width 0.001969
$EndLINE 
$LINE 
start 3.433071 3.429134
end 3.401575 3.448819
width 0.001969
$EndLINE 
$LINE 
start 3.476378 3.409449
end 3.433071 3.429134
width 0.001969
$EndLINE 
$LINE 
start 3.511811 3.397638
end 3.476378 3.409449
width 0.001969
$EndLINE 
$LINE 
start 3.543307 3.389764
end 3.511811 3.397638
width 0.001969
$EndLINE 
$LINE 
start 3.732283 3.397638
end 3.700787 3.389764
width 0.001969
$EndLINE 
$LINE 
start 3.767717 3.409449
end 3.732283 3.397638
width 0.001969
$EndLINE 
$CIRCLE 
centre 3.622047 3.779528
radius 0.590551
width 0.001969
$EndCIRCLE 
$EndDESCRIPTION
