Drill report for /Users/lauri/ruuvitag_hw/ruuvitag_revb2/ruuvitag_revb2.kicad_pcb
Created on 2016 January 15, Friday 23:21:42

Copper Layer Stackup:
    =============================================================
    L1 :  F.Cu                      front
    L2 :  In1.Cu                    inner1
    L3 :  In2.Cu                    inner2
    L4 :  B.Cu                      back


Drill file 'ruuvitag_revb2.drl' contains
    plated through holes:
    =============================================================
    T1  0.30mm  0.012"  (82 holes)
    T2  0.50mm  0.020"  (10 holes)
    T3  1.00mm  0.039"  (1 hole)
    T4  1.20mm  0.047"  (2 holes)  (with 2 slots)

    Total plated holes count 95


Drill file 'ruuvitag_revb2-NPTH.drl' contains
    unplated through holes:
    =============================================================

    Total unplated holes count 0
